<?xml version="1.0" encoding="UTF-8"?>
<!-- Generated by org.testng.reporters.JUnitReportReporter -->
<testsuite skipped="0" hostname="DESKTOP-UNB1F82" name="testCases.HomePageTest" tests="1" failures="0" timestamp="30 May 2019 19:44:12 GMT" time="14.865" errors="0">
  <testcase name="verifyPageTitleOf_home_page" time="14.865" classname="testCases.HomePageTest"/>
</testsuite> <!-- testCases.HomePageTest -->
