<?xml version="1.0" encoding="UTF-8"?>
<!-- Generated by org.testng.reporters.JUnitReportReporter -->
<testsuite skipped="0" hostname="DESKTOP-UNB1F82" name="testCases.FindAMeetingPageTest" tests="1" failures="0" timestamp="30 May 2019 18:52:02 GMT" time="20.074" errors="0">
  <testcase name="verifyPageTitleOfFindAMeetinPage" time="20.074" classname="testCases.FindAMeetingPageTest"/>
</testsuite> <!-- testCases.FindAMeetingPageTest -->
