<?xml version="1.0" encoding="UTF-8"?>
<!-- Generated by org.testng.reporters.JUnitReportReporter -->
<testsuite skipped="0" hostname="DESKTOP-UNB1F82" name="testCases.SearchResultsPageTest" tests="1" failures="0" timestamp="30 May 2019 19:37:45 GMT" time="20.696" errors="0">
  <testcase name="verify_FirstResult_StudioName_And_Distance" time="20.696" classname="testCases.SearchResultsPageTest"/>
</testsuite> <!-- testCases.SearchResultsPageTest -->
