<?xml version="1.0" encoding="UTF-8"?>
<!-- Generated by org.testng.reporters.JUnitReportReporter -->
<testsuite skipped="0" hostname="DESKTOP-UNB1F82" name="testCases.StudioPageTest" tests="1" failures="0" timestamp="30 May 2019 20:01:26 GMT" time="20.190" errors="0">
  <testcase name="print_TODAYS_hours_of_operation" time="20.190" classname="testCases.StudioPageTest"/>
</testsuite> <!-- testCases.StudioPageTest -->
