<?xml version="1.0" encoding="UTF-8"?>
<!-- Generated by org.testng.reporters.JUnitReportReporter -->
<testsuite skipped="0" hostname="DESKTOP-UNB1F82" name="testCases.TestGoogle" tests="1" failures="0" timestamp="30 May 2019 17:27:07 GMT" time="23.146" errors="0">
  <testcase name="openGoogle" time="23.146" classname="testCases.TestGoogle"/>
</testsuite> <!-- testCases.TestGoogle -->
