<?xml version="1.0" encoding="UTF-8"?>
<!-- Generated by org.testng.reporters.JUnitReportReporter -->
<testsuite skipped="0" hostname="DESKTOP-UNB1F82" name="testCases.SearchResultsPageTest" tests="1" failures="0" timestamp="30 May 2019 20:05:01 GMT" time="20.604" errors="0">
  <testcase name="verify_firstResult_studioName_and_distance" time="20.604" classname="testCases.SearchResultsPageTest"/>
</testsuite> <!-- testCases.SearchResultsPageTest -->
