<?xml version="1.0" encoding="UTF-8"?>
<!-- Generated by org.testng.reporters.JUnitReportReporter -->
<testsuite skipped="0" hostname="DESKTOP-UNB1F82" name="testCases.FindAMeetingPageTest" tests="1" failures="0" timestamp="30 May 2019 20:05:01 GMT" time="23.426" errors="0">
  <testcase name="verify_pageTitle_of_findAMeetinPage" time="23.426" classname="testCases.FindAMeetingPageTest"/>
</testsuite> <!-- testCases.FindAMeetingPageTest -->
